<?xml version="1.0" encoding="UTF-8"?>
<!-- Generated by org.testng.reporters.JUnitReportReporter -->
<testsuite skipped="0" hostname="DESKTOP-NSLDOJ6" name="Maven.Maven.Launch" tests="1" failures="0" timestamp="07 Aug 2018 04:42:13 GMT" time="32.732" errors="0">
  <testcase name="LaunchBrowser" time="32.732" classname="Maven.Maven.Launch"/>
</testsuite> <!-- Maven.Maven.Launch -->
