<?xml version="1.0" encoding="UTF-8"?>
<!-- Generated by org.testng.reporters.JUnitReportReporter -->
<testsuite skipped="0" hostname="DESKTOP-NSLDOJ6" name="Test.Test1" tests="1" failures="0" timestamp="15 Aug 2018 18:29:07 GMT" time="0.668" errors="0">
  <testcase name="Registration" time="0.668" classname="Test.Test1"/>
</testsuite> <!-- Test.Test1 -->
